  Git Client.cpp
C:\Users\cripe\Desktop\Altre cose\C++\Librerie\VStudio\Essentials.h(103,33): warning C4267: '=': conversion from 'size_t' to 'int', possible loss of data
C:\Users\cripe\Desktop\Altre cose\C++\Librerie\VStudio\Essentials.h(520,1): warning C4267: 'initializing': conversion from 'size_t' to 'int', possible loss of data
C:\Users\cripe\Desktop\Altre cose\C++\Librerie\VStudio\Essentials.h(562,1): warning C4267: '=': conversion from 'size_t' to 'short', possible loss of data
C:\Users\cripe\Desktop\Altre cose\C++\Librerie\VStudio\Essentials.h(586,1): warning C4267: 'initializing': conversion from 'size_t' to 'int', possible loss of data
C:\Users\cripe\Desktop\Altre cose\C++\Librerie\VStudio\Essentials.h(592,1): warning C4267: '=': conversion from 'size_t' to '_Ty', possible loss of data
          with
          [
              _Ty=int
          ]
C:\Users\cripe\Desktop\Altre cose\C++\Librerie\VStudio\Essentials.h(597,1): warning C4267: '=': conversion from 'size_t' to '_Ty', possible loss of data
          with
          [
              _Ty=int
          ]
C:\Users\cripe\Desktop\Altre cose\C++\Librerie\VStudio\Essentials.h(896,35): warning C4244: '=': conversion from 'float' to 'int', possible loss of data
C:\Users\cripe\Desktop\Altre cose\C++\Librerie\VStudio\Essentials.h(942,1): warning C4305: '+=': truncation from 'double' to 'float'
C:\Users\cripe\Desktop\Altre cose\C++\Librerie\VStudio\Essentials.h(944,1): warning C4305: '+=': truncation from 'double' to 'float'
C:\Users\cripe\Desktop\Altre cose\C++\Librerie\VStudio\Essentials.h(958,13): warning C4244: 'initializing': conversion from 'float' to 'int', possible loss of data
C:\Users\cripe\Desktop\Altre cose\C++\Librerie\VStudio\Essentials.h(959,13): warning C4244: 'initializing': conversion from 'float' to 'int', possible loss of data
C:\Users\cripe\Desktop\Altre cose\C++\Librerie\VStudio\Essentials.h(961,13): warning C4244: 'initializing': conversion from 'float' to 'int', possible loss of data
C:\Users\cripe\Desktop\Altre cose\C++\Librerie\VStudio\Essentials.h(973,1): warning C4305: '+=': truncation from 'double' to 'float'
C:\Users\cripe\Desktop\Altre cose\C++\Librerie\VStudio\Essentials.h(974,1): warning C4305: '+=': truncation from 'double' to 'float'
C:\Users\cripe\Desktop\Altre cose\C++\Librerie\VStudio\Essentials.h(1300,1): warning C4267: '=': conversion from 'size_t' to 'int', possible loss of data
C:\Users\cripe\Desktop\Altre cose\C++\Librerie\VStudio\Essentials.h(1429,14): warning C4244: 'argument': conversion from 'time_t' to 'unsigned int', possible loss of data
C:\Users\cripe\Desktop\Altre cose\C++\Librerie\VStudio\Essentials.h(1696,13): warning C4244: 'initializing': conversion from 'unsigned long' to 'char', possible loss of data
C:\Users\cripe\Desktop\Altre cose\C++\Librerie\VStudio\Essentials.h(1777,12): warning C4267: '+=': conversion from 'size_t' to 'int', possible loss of data
C:\Users\cripe\Desktop\Altre cose\C++\Librerie\VStudio\Essentials.h(2106,1): warning C4267: 'argument': conversion from 'size_t' to 'DWORD', possible loss of data
  Generating code
  Previous IPDB not found, fall back to full compilation.
  All 868 functions were compiled because no usable IPDB/IOBJ from previous compilation was found.
  Finished generating code
  Git Client.vcxproj -> C:\Users\cripe\Desktop\Altre cose\C++\Git Client\x64\Release\Git Client.exe
